<?xml version="1.0" encoding="UTF-8"?>
<!-- Generated by org.testng.reporters.JUnitReportReporter -->
<testsuite hostname="DESKTOP-PB0BTNO" failures="0" tests="1" name="NullClassSeleniumProject.NullClassSeleniumProject.Module5" time="5.614" errors="0" timestamp="2024-09-18T09:39:14 IST" skipped="0">
  <testcase classname="NullClassSeleniumProject.NullClassSeleniumProject.Module5" name="test1" time="5.614"/>
</testsuite> <!-- NullClassSeleniumProject.NullClassSeleniumProject.Module5 -->
