<?xml version="1.0" encoding="UTF-8"?>
<!-- Generated by org.testng.reporters.JUnitReportReporter -->
<testsuite hostname="DESKTOP-PB0BTNO" failures="0" tests="2" name="NullClassSeleniumProject.XTechOnCode.Module5_XTechOn" time="33.320" errors="0" timestamp="2024-09-18T20:21:28 IST" skipped="0">
  <testcase classname="NullClassSeleniumProject.XTechOnCode.Module5_XTechOn" name="test1" time="19.486"/>
  <testcase classname="NullClassSeleniumProject.XTechOnCode.Module5_XTechOn" name="test2" time="13.834"/>
</testsuite> <!-- NullClassSeleniumProject.XTechOnCode.Module5_XTechOn -->
