<?xml version="1.0" encoding="UTF-8"?>
<!-- Generated by org.testng.reporters.JUnitReportReporter -->
<testsuite hostname="DESKTOP-PB0BTNO" failures="0" tests="2" name="testcases.AmazonSearchProductsTest" time="13.655" errors="0" timestamp="2024-09-23T05:48:19 IST" skipped="0">
  <testcase classname="testcases.AmazonSearchProductsTest" name="serachedProductPageOpened" time="12.874"/>
  <testcase classname="testcases.AmazonSearchProductsTest" name="clickOnRequiredProduct" time="0.781"/>
</testsuite> <!-- testcases.AmazonSearchProductsTest -->
