<?xml version="1.0" encoding="UTF-8"?>
<!-- Generated by org.testng.reporters.JUnitReportReporter -->
<testsuite hostname="DESKTOP-PB0BTNO" failures="0" tests="1" name="NullClassSeleniumProject.NullClassSeleniumProject.App" time="0.010" errors="0" timestamp="2024-09-17T23:41:06 IST" skipped="0">
  <testcase classname="NullClassSeleniumProject.NullClassSeleniumProject.App" name="main" time="0.010"/>
</testsuite> <!-- NullClassSeleniumProject.NullClassSeleniumProject.App -->
