<?xml version="1.0" encoding="UTF-8"?>
<!-- Generated by org.testng.reporters.JUnitReportReporter -->
<testsuite hostname="DESKTOP-PB0BTNO" failures="0" tests="1" name="testcases.AmazonHomeTest" time="4.794" errors="0" timestamp="2024-09-22T12:01:15 IST" skipped="0">
  <testcase classname="testcases.AmazonHomeTest" name="SearchForAProduct" time="4.794"/>
</testsuite> <!-- testcases.AmazonHomeTest -->
