<?xml version="1.0" encoding="UTF-8"?>
<!-- Generated by org.testng.reporters.JUnitReportReporter -->
<testsuite hostname="DESKTOP-PB0BTNO" failures="0" tests="1" name="DemoSuite.TestUserIsAbleToFillUpFormAsGuest" time="10.018" errors="0" timestamp="2024-09-18T23:57:19 IST" skipped="0">
  <testcase classname="DemoSuite.TestUserIsAbleToFillUpFormAsGuest" name="fillUpForm" time="10.018"/>
</testsuite> <!-- DemoSuite.TestUserIsAbleToFillUpFormAsGuest -->
