<?xml version="1.0" encoding="UTF-8"?>
<!-- Generated by org.testng.reporters.JUnitReportReporter -->
<testsuite hostname="DESKTOP-PB0BTNO" failures="0" tests="1" name="DemoSuite.Quest_BookAppointment" time="11.400" errors="0" timestamp="2024-09-18T23:33:46 IST" skipped="0">
  <testcase classname="DemoSuite.Quest_BookAppointment" name="ContinueAsGuestAndBookAppointment" time="11.400"/>
</testsuite> <!-- DemoSuite.Quest_BookAppointment -->
