<?xml version="1.0" encoding="UTF-8"?>
<!-- Generated by org.testng.reporters.JUnitReportReporter -->
<testsuite hostname="DESKTOP-PB0BTNO" failures="0" tests="1" name="testcases.AmazonProductCheckoutTest" time="4.574" errors="0" timestamp="2024-09-23T05:48:19 IST" skipped="0">
  <testcase classname="testcases.AmazonProductCheckoutTest" name="useAddress" time="4.574"/>
</testsuite> <!-- testcases.AmazonProductCheckoutTest -->
